[14-Oct-2017 12:18:17 UTC] PHP Fatal error:  Maximum execution time of 30 seconds exceeded in /home/ubuntu/workspace/software/vendor/composer/ClassLoader.php on line 444
[14-Oct-2017 12:18:17 UTC] PHP Stack trace:
[14-Oct-2017 12:18:17 UTC] PHP   1. {main}() /home/ubuntu/workspace/software/public/index.php:0
[14-Oct-2017 12:18:17 UTC] PHP   2. App\Http\Kernel->handle() /home/ubuntu/workspace/software/public/index.php:55
[14-Oct-2017 12:18:17 UTC] PHP   3. App\Http\Kernel->sendRequestThroughRouter() /home/ubuntu/workspace/software/vendor/laravel/framework/src/Illuminate/Foundation/Http/Kernel.php:116
[14-Oct-2017 12:18:17 UTC] PHP   4. Illuminate\Routing\Pipeline->then() /home/ubuntu/workspace/software/vendor/laravel/framework/src/Illuminate/Foundation/Http/Kernel.php:151
[14-Oct-2017 12:18:17 UTC] PHP   5. Illuminate\Routing\Pipeline->Illuminate\Routing\{closure}() /home/ubuntu/workspace/software/vendor/laravel/framework/src/Illuminate/Pipeline/Pipeline.php:102
[14-Oct-2017 12:18:17 UTC] PHP   6. Illuminate\Routing\Pipeline->Illuminate\Pipeline\{closure}() /home/ubuntu/workspace/software/vendor/laravel/framework/src/Illuminate/Routing/Pipeline.php:53
[14-Oct-2017 12:18:17 UTC] PHP   7. Illuminate\Foundation\Http\Middleware\CheckForMaintenanceMode->handle() /home/ubuntu/workspace/software/vendor/laravel/framework/src/Illuminate/Pipeline/Pipeline.php:149
[14-Oct-2017 12:18:17 UTC] PHP   8. Illuminate\Routing\Pipeline->Illuminate\Routing\{closure}() /home/ubuntu/workspace/software/vendor/laravel/framework/src/Illuminate/Foundation/Http/Middleware/CheckForMaintenanceMode.php:46
[14-Oct-2017 12:18:17 UTC] PHP   9. Illuminate\Routing\Pipeline->Illuminate\Pipeline\{closure}() /home/ubuntu/workspace/software/vendor/laravel/framework/src/Illuminate/Routing/Pipeline.php:53
[14-Oct-2017 12:18:17 UTC] PHP  10. Illuminate\Foundation\Http\Middleware\ValidatePostSize->handle() /home/ubuntu/workspace/software/vendor/laravel/framework/src/Illuminate/Pipeline/Pipeline.php:149
[14-Oct-2017 12:18:17 UTC] PHP  11. Illuminate\Routing\Pipeline->Illuminate\Routing\{closure}() /home/ubuntu/workspace/software/vendor/laravel/framework/src/Illuminate/Foundation/Http/Middleware/ValidatePostSize.php:27
[14-Oct-2017 12:18:17 UTC] PHP  12. Illuminate\Routing\Pipeline->Illuminate\Pipeline\{closure}() /home/ubuntu/workspace/software/vendor/laravel/framework/src/Illuminate/Routing/Pipeline.php:53
[14-Oct-2017 12:18:17 UTC] PHP  13. App\Http\Middleware\TrimStrings->handle() /home/ubuntu/workspace/software/vendor/laravel/framework/src/Illuminate/Pipeline/Pipeline.php:149
[14-Oct-2017 12:18:17 UTC] PHP  14. Illuminate\Routing\Pipeline->Illuminate\Routing\{closure}() /home/ubuntu/workspace/software/vendor/laravel/framework/src/Illuminate/Foundation/Http/Middleware/TransformsRequest.php:30
[14-Oct-2017 12:18:17 UTC] PHP  15. Illuminate\Routing\Pipeline->Illuminate\Pipeline\{closure}() /home/ubuntu/workspace/software/vendor/laravel/framework/src/Illuminate/Routing/Pipeline.php:53
[14-Oct-2017 12:18:17 UTC] PHP  16. Illuminate\Foundation\Http\Middleware\ConvertEmptyStringsToNull->handle() /home/ubuntu/workspace/software/vendor/laravel/framework/src/Illuminate/Pipeline/Pipeline.php:149
[14-Oct-2017 12:18:17 UTC] PHP  17. Illuminate\Routing\Pipeline->Illuminate\Routing\{closure}() /home/ubuntu/workspace/software/vendor/laravel/framework/src/Illuminate/Foundation/Http/Middleware/TransformsRequest.php:30
[14-Oct-2017 12:18:17 UTC] PHP  18. Illuminate\Routing\Pipeline->Illuminate\Pipeline\{closure}() /home/ubuntu/workspace/software/vendor/laravel/framework/src/Illuminate/Routing/Pipeline.php:53
[14-Oct-2017 12:18:17 UTC] PHP  19. App\Http\Middleware\TrustProxies->handle() /home/ubuntu/workspace/software/vendor/laravel/framework/src/Illuminate/Pipeline/Pipeline.php:149
[14-Oct-2017 12:18:17 UTC] PHP  20. Illuminate\Routing\Pipeline->Illuminate\Routing\{closure}() /home/ubuntu/workspace/software/vendor/fideloper/proxy/src/TrustProxies.php:56
[14-Oct-2017 12:18:17 UTC] PHP  21. App\Http\Kernel->Illuminate\Foundation\Http\{closure}() /home/ubuntu/workspace/software/vendor/laravel/framework/src/Illuminate/Routing/Pipeline.php:30
[14-Oct-2017 12:18:17 UTC] PHP  22. Illuminate\Routing\Router->dispatch() /home/ubuntu/workspace/software/vendor/laravel/framework/src/Illuminate/Foundation/Http/Kernel.php:176
[14-Oct-2017 12:18:17 UTC] PHP  23. Illuminate\Routing\Router->dispatchToRoute() /home/ubuntu/workspace/software/vendor/laravel/framework/src/Illuminate/Routing/Router.php:577
[14-Oct-2017 12:18:17 UTC] PHP  24. Illuminate\Routing\Router->runRoute() /home/ubuntu/workspace/software/vendor/laravel/framework/src/Illuminate/Routing/Router.php:588
[14-Oct-2017 12:18:17 UTC] PHP  25. Illuminate\Routing\Router->runRouteWithinStack() /home/ubuntu/workspace/software/vendor/laravel/framework/src/Illuminate/Routing/Router.php:622
[14-Oct-2017 12:18:17 UTC] PHP  26. Illuminate\Routing\Pipeline->then() /home/ubuntu/workspace/software/vendor/laravel/framework/src/Illuminate/Routing/Router.php:647
[14-Oct-2017 12:18:17 UTC] PHP  27. Illuminate\Routing\Pipeline->Illuminate\Routing\{closure}() /home/ubuntu/workspace/software/vendor/laravel/framework/src/Illuminate/Pipeline/Pipeline.php:102
[14-Oct-2017 12:18:17 UTC] PHP  28. Illuminate\Routing\Pipeline->Illuminate\Pipeline\{closure}() /home/ubuntu/workspace/software/vendor/laravel/framework/src/Illuminate/Routing/Pipeline.php:53
[14-Oct-2017 12:18:17 UTC] PHP  29. App\Http\Middleware\EncryptCookies->handle() /home/ubuntu/workspace/software/vendor/laravel/framework/src/Illuminate/Pipeline/Pipeline.php:149
[14-Oct-2017 12:18:17 UTC] PHP  30. Illuminate\Routing\Pipeline->Illuminate\Routing\{closure}() /home/ubuntu/workspace/software/vendor/laravel/framework/src/Illuminate/Cookie/Middleware/EncryptCookies.php:59
[14-Oct-2017 12:18:17 UTC] PHP  31. Illuminate\Routing\Pipeline->Illuminate\Pipeline\{closure}() /home/ubuntu/workspace/software/vendor/laravel/framework/src/Illuminate/Routing/Pipeline.php:53
[14-Oct-2017 12:18:17 UTC] PHP  32. Illuminate\Cookie\Middleware\AddQueuedCookiesToResponse->handle() /home/ubuntu/workspace/software/vendor/laravel/framework/src/Illuminate/Pipeline/Pipeline.php:149
[14-Oct-2017 12:18:17 UTC] PHP  33. Illuminate\Routing\Pipeline->Illuminate\Routing\{closure}() /home/ubuntu/workspace/software/vendor/laravel/framework/src/Illuminate/Cookie/Middleware/AddQueuedCookiesToResponse.php:37
[14-Oct-2017 12:18:17 UTC] PHP  34. Illuminate\Routing\Pipeline->Illuminate\Pipeline\{closure}() /home/ubuntu/workspace/software/vendor/laravel/framework/src/Illuminate/Routing/Pipeline.php:53
[14-Oct-2017 12:18:17 UTC] PHP  35. Illuminate\Foundation\Application->make() /home/ubuntu/workspace/software/vendor/laravel/framework/src/Illuminate/Pipeline/Pipeline.php:138
[14-Oct-2017 12:18:17 UTC] PHP  36. Illuminate\Foundation\Application->make() /home/ubuntu/workspace/software/vendor/laravel/framework/src/Illuminate/Foundation/Application.php:721
[14-Oct-2017 12:18:17 UTC] PHP  37. Illuminate\Foundation\Application->resolve() /home/ubuntu/workspace/software/vendor/laravel/framework/src/Illuminate/Container/Container.php:586
[14-Oct-2017 12:18:17 UTC] PHP  38. Illuminate\Foundation\Application->build() /home/ubuntu/workspace/software/vendor/laravel/framework/src/Illuminate/Container/Container.php:631
[14-Oct-2017 12:18:17 UTC] PHP  39. Illuminate\Foundation\Application->Illuminate\Container\{closure}() /home/ubuntu/workspace/software/vendor/laravel/framework/src/Illuminate/Container/Container.php:749
[14-Oct-2017 12:18:17 UTC] PHP  40. Illuminate\Foundation\Application->build() /home/ubuntu/workspace/software/vendor/laravel/framework/src/Illuminate/Container/Container.php:253
[14-Oct-2017 12:18:17 UTC] PHP  41. ReflectionClass->__construct() /home/ubuntu/workspace/software/vendor/laravel/framework/src/Illuminate/Container/Container.php:752
[14-Oct-2017 12:18:17 UTC] PHP  42. spl_autoload_call() /home/ubuntu/workspace/software/vendor/laravel/framework/src/Illuminate/Container/Container.php:752
[14-Oct-2017 12:18:17 UTC] PHP  43. Composer\Autoload\ClassLoader->loadClass() /home/ubuntu/workspace/software/vendor/laravel/framework/src/Illuminate/Container/Container.php:752
[14-Oct-2017 12:18:17 UTC] PHP  44. Composer\Autoload\includeFile() /home/ubuntu/workspace/software/vendor/composer/ClassLoader.php:322
